#
# A fatal error has been detected by the Java Runtime Environment:
#
#  EXCEPTION_ACCESS_VIOLATION (0xc0000005) at pc=0x000000006d9fafcb, pid=13456, tid=12200
#
# JRE version: 6.0_35-b10
# Java VM: Java HotSpot(TM) 64-Bit Server VM (20.10-b01 mixed mode windows-amd64 compressed oops)
# Problematic frame:
# V  [jvm.dll+0x14afcb]
#
# If you would like to submit a bug report, please visit:
#   http://java.sun.com/webapps/bugreport/crash.jsp
#

---------------  T H R E A D  ---------------

Current thread (0x00000000060ae000):  JavaThread "JDWP Transport Listener: dt_socket" daemon [_thread_in_vm, id=12200, stack(0x0000000007690000,0x0000000007790000)]

siginfo: ExceptionCode=0xc0000005, reading address 0xffffffffffffffff

Registers:
RAX=0x000000000778f701, RBX=0x00000000060ae000, RCX=0xf05af05a0100f05a, RDX=0x00000000060ae000
RSP=0x000000000778f760, RBP=0xf05af05a0100f05a, RSI=0x000000000778f840, RDI=0x00000000005197b0
R8 =0x000000000778f840, R9 =0x0000000000000001, R10=0x0000000000000000, R11=0x000000001552f3a9
R12=0x0000000000000001, R13=0x0000000000000000, R14=0x0000000000000000, R15=0x0000000000000000
RIP=0x000000006d9fafcb, EFLAGS=0x0000000000010286

Top of Stack: (sp=0x000000000778f760)
0x000000000778f760:   0000000000000000 000000006d4e54d3
0x000000000778f770:   000000000778f970 000000006dbbc235
0x000000000778f780:   00000000060ae000 000000006dbdb4aa
0x000000000778f790:   0000000000000000 00000000060ae000
0x000000000778f7a0:   000000000778f840 000000006d4e0d69
0x000000000778f7b0:   00000000060ae000 0000000000000000
0x000000000778f7c0:   0000000000000000 0000000000000000
0x000000000778f7d0:   0000000000000001 000000006d4dff6e
0x000000000778f7e0:   000000000778f840 0000000009f22ea0
0x000000000778f7f0:   0000000000000001 f05af05a0100f05a
0x000000000778f800:   0000000000000001 f05af05a0100f05a
0x000000000778f810:   000000000778f970 000000006d4c4f64
0x000000000778f820:   000000000778f970 e8854a0a081000f0
0x000000000778f830:   000000000b012be0 0000000000000000
0x000000000778f840:   f00010080778f901 0000000000000000
0x000000000778f850:   0000000000000000 0000000000000000 

Instructions: (pc=0x000000006d9fafcb)
0x000000006d9fafab:   7c 24 48 48 83 c4 28 c3 cc cc cc cc cc cc cc cc
0x000000006d9fafbb:   cc cc cc cc cc 48 53 48 83 ec 20 48 85 c9 74 55
0x000000006d9fafcb:   48 8b 19 48 85 db 74 4d 48 b8 fe fe fe fe fe fe
0x000000006d9fafdb:   fe fe 48 3b d8 74 3e 80 3d 87 09 5f 00 00 74 16 


Register to memory mapping:

RAX=0x000000000778f701 is pointing into the stack for thread: 0x00000000060ae000
RBX=0x00000000060ae000 is a thread
RCX=0xf05af05a0100f05a is an unknown value
RDX=0x00000000060ae000 is a thread
RSP=0x000000000778f760 is pointing into the stack for thread: 0x00000000060ae000
RBP=0xf05af05a0100f05a is an unknown value
RSI=0x000000000778f840 is pointing into the stack for thread: 0x00000000060ae000
RDI=0x00000000005197b0 is an unknown value
R8 =0x000000000778f840 is pointing into the stack for thread: 0x00000000060ae000
R9 =0x0000000000000001 is an unknown value
R10=0x0000000000000000 is an unknown value
R11=0x000000001552f3a9 is an unknown value
R12=0x0000000000000001 is an unknown value
R13=0x0000000000000000 is an unknown value
R14=0x0000000000000000 is an unknown value
R15=0x0000000000000000 is an unknown value


Stack: [0x0000000007690000,0x0000000007790000],  sp=0x000000000778f760,  free space=1021k
Native frames: (J=compiled Java code, j=interpreted, Vv=VM code, C=native code)
V  [jvm.dll+0x14afcb]


---------------  P R O C E S S  ---------------

Java Threads: ( => current thread )
  0x000000000a0cf000 JavaThread "Direct Clip" daemon [_thread_blocked, id=12552, stack(0x0000000014350000,0x0000000014450000)]
  0x000000000a0ce000 JavaThread "Direct Clip" daemon [_thread_blocked, id=18524, stack(0x0000000014250000,0x0000000014350000)]
  0x000000000a0cd800 JavaThread "Direct Clip" daemon [_thread_blocked, id=9748, stack(0x0000000014150000,0x0000000014250000)]
  0x000000000a0cc800 JavaThread "Direct Clip" daemon [_thread_blocked, id=16512, stack(0x0000000014050000,0x0000000014150000)]
  0x000000000a0cc000 JavaThread "Direct Clip" daemon [_thread_blocked, id=11952, stack(0x0000000013f50000,0x0000000014050000)]
  0x000000000a0cb000 JavaThread "Direct Clip" daemon [_thread_blocked, id=20228, stack(0x0000000013e50000,0x0000000013f50000)]
  0x000000000a0ca800 JavaThread "Direct Clip" daemon [_thread_blocked, id=13732, stack(0x0000000013d50000,0x0000000013e50000)]
  0x000000000a0c9800 JavaThread "Direct Clip" daemon [_thread_blocked, id=18092, stack(0x0000000013c50000,0x0000000013d50000)]
  0x000000000a0c9000 JavaThread "Direct Clip" daemon [_thread_blocked, id=11384, stack(0x0000000013b50000,0x0000000013c50000)]
  0x000000000a0c8800 JavaThread "Direct Clip" daemon [_thread_blocked, id=15216, stack(0x0000000013a50000,0x0000000013b50000)]
  0x000000000a0c7800 JavaThread "Direct Clip" daemon [_thread_blocked, id=9540, stack(0x0000000013950000,0x0000000013a50000)]
  0x000000000a0c7000 JavaThread "Direct Clip" daemon [_thread_blocked, id=11720, stack(0x0000000013850000,0x0000000013950000)]
  0x000000000a0c6000 JavaThread "Direct Clip" daemon [_thread_blocked, id=4736, stack(0x0000000013750000,0x0000000013850000)]
  0x000000000a0c5800 JavaThread "Direct Clip" daemon [_thread_blocked, id=18496, stack(0x0000000013650000,0x0000000013750000)]
  0x000000000a0c4800 JavaThread "Direct Clip" daemon [_thread_blocked, id=11244, stack(0x0000000013550000,0x0000000013650000)]
  0x000000000a0c4000 JavaThread "Direct Clip" daemon [_thread_blocked, id=9152, stack(0x0000000013450000,0x0000000013550000)]
  0x000000000a0c3000 JavaThread "Direct Clip" daemon [_thread_blocked, id=19356, stack(0x0000000013350000,0x0000000013450000)]
  0x0000000009f5e800 JavaThread "Direct Clip" daemon [_thread_blocked, id=11824, stack(0x0000000013250000,0x0000000013350000)]
  0x0000000009f5d800 JavaThread "Direct Clip" daemon [_thread_blocked, id=11396, stack(0x0000000013150000,0x0000000013250000)]
  0x0000000009f5d000 JavaThread "Direct Clip" daemon [_thread_blocked, id=17704, stack(0x0000000013050000,0x0000000013150000)]
  0x0000000009f5c000 JavaThread "Direct Clip" daemon [_thread_blocked, id=12116, stack(0x0000000012f50000,0x0000000013050000)]
  0x0000000009f5b800 JavaThread "Direct Clip" daemon [_thread_blocked, id=592, stack(0x0000000012e50000,0x0000000012f50000)]
  0x0000000009f5b000 JavaThread "Direct Clip" daemon [_thread_blocked, id=8152, stack(0x0000000012d50000,0x0000000012e50000)]
  0x0000000009f5a000 JavaThread "Direct Clip" daemon [_thread_blocked, id=11416, stack(0x0000000012c50000,0x0000000012d50000)]
  0x0000000009f59800 JavaThread "Direct Clip" daemon [_thread_blocked, id=9040, stack(0x0000000012b50000,0x0000000012c50000)]
  0x0000000009f58800 JavaThread "Direct Clip" daemon [_thread_blocked, id=13176, stack(0x0000000012a50000,0x0000000012b50000)]
  0x0000000009f58000 JavaThread "Direct Clip" daemon [_thread_blocked, id=9608, stack(0x0000000012950000,0x0000000012a50000)]
  0x0000000009f57000 JavaThread "Direct Clip" daemon [_thread_blocked, id=19240, stack(0x0000000012850000,0x0000000012950000)]
  0x0000000009f56800 JavaThread "Direct Clip" daemon [_thread_blocked, id=19460, stack(0x0000000012750000,0x0000000012850000)]
  0x0000000009f55800 JavaThread "Direct Clip" daemon [_thread_blocked, id=7756, stack(0x0000000012650000,0x0000000012750000)]
  0x0000000009f55000 JavaThread "Direct Clip" daemon [_thread_blocked, id=19788, stack(0x0000000012550000,0x0000000012650000)]
  0x0000000009f54800 JavaThread "Direct Clip" daemon [_thread_blocked, id=18988, stack(0x0000000012450000,0x0000000012550000)]
  0x0000000009f53800 JavaThread "Direct Clip" daemon [_thread_blocked, id=4680, stack(0x0000000011b50000,0x0000000011c50000)]
  0x0000000009f53000 JavaThread "Direct Clip" daemon [_thread_blocked, id=12420, stack(0x0000000011a50000,0x0000000011b50000)]
  0x0000000009f52000 JavaThread "Direct Clip" daemon [_thread_blocked, id=5812, stack(0x0000000011950000,0x0000000011a50000)]
  0x0000000009f51800 JavaThread "Direct Clip" daemon [_thread_blocked, id=15692, stack(0x0000000011850000,0x0000000011950000)]
  0x0000000009f50800 JavaThread "Direct Clip" daemon [_thread_blocked, id=6612, stack(0x0000000011750000,0x0000000011850000)]
  0x0000000009f50000 JavaThread "Direct Clip" daemon [_thread_blocked, id=11288, stack(0x0000000011650000,0x0000000011750000)]
  0x0000000009f4f000 JavaThread "Direct Clip" daemon [_thread_blocked, id=336, stack(0x0000000011550000,0x0000000011650000)]
  0x000000000ac3f000 JavaThread "Direct Clip" daemon [_thread_blocked, id=18996, stack(0x0000000011450000,0x0000000011550000)]
  0x000000000ac3e800 JavaThread "Direct Clip" daemon [_thread_blocked, id=8036, stack(0x0000000011350000,0x0000000011450000)]
  0x000000000ac3d800 JavaThread "Direct Clip" daemon [_thread_blocked, id=16700, stack(0x0000000011250000,0x0000000011350000)]
  0x000000000ac3d000 JavaThread "Direct Clip" daemon [_thread_blocked, id=10468, stack(0x0000000011150000,0x0000000011250000)]
  0x000000000ac3c000 JavaThread "Direct Clip" daemon [_thread_blocked, id=6700, stack(0x0000000011050000,0x0000000011150000)]
  0x000000000ac3b800 JavaThread "Direct Clip" daemon [_thread_blocked, id=16588, stack(0x0000000010f50000,0x0000000011050000)]
  0x000000000ac3a800 JavaThread "Direct Clip" daemon [_thread_blocked, id=15384, stack(0x0000000010e50000,0x0000000010f50000)]
  0x000000000ac3a000 JavaThread "Direct Clip" daemon [_thread_blocked, id=9712, stack(0x0000000010d50000,0x0000000010e50000)]
  0x000000000ac39000 JavaThread "Direct Clip" daemon [_thread_blocked, id=4352, stack(0x0000000010c50000,0x0000000010d50000)]
  0x000000000ac38800 JavaThread "Direct Clip" daemon [_thread_blocked, id=13424, stack(0x0000000010b50000,0x0000000010c50000)]
  0x000000000ac38000 JavaThread "Direct Clip" daemon [_thread_blocked, id=3844, stack(0x0000000010a50000,0x0000000010b50000)]
  0x000000000ac37000 JavaThread "Direct Clip" daemon [_thread_blocked, id=5372, stack(0x0000000010950000,0x0000000010a50000)]
  0x000000000ac36800 JavaThread "Direct Clip" daemon [_thread_blocked, id=4676, stack(0x0000000010850000,0x0000000010950000)]
  0x000000000ac35800 JavaThread "Direct Clip" daemon [_thread_blocked, id=12024, stack(0x0000000010750000,0x0000000010850000)]
  0x000000000ac35000 JavaThread "Direct Clip" daemon [_thread_blocked, id=16464, stack(0x0000000010650000,0x0000000010750000)]
  0x000000000ac34000 JavaThread "Direct Clip" daemon [_thread_blocked, id=9836, stack(0x0000000010550000,0x0000000010650000)]
  0x000000000ac33800 JavaThread "Direct Clip" daemon [_thread_blocked, id=17548, stack(0x0000000010450000,0x0000000010550000)]
  0x000000000ac32800 JavaThread "Direct Clip" daemon [_thread_blocked, id=12476, stack(0x0000000010350000,0x0000000010450000)]
  0x000000000ac32000 JavaThread "Direct Clip" daemon [_thread_blocked, id=18284, stack(0x0000000010250000,0x0000000010350000)]
  0x000000000ac31800 JavaThread "Direct Clip" daemon [_thread_blocked, id=5100, stack(0x0000000010150000,0x0000000010250000)]
  0x000000000ac30800 JavaThread "Direct Clip" daemon [_thread_blocked, id=16640, stack(0x0000000010050000,0x0000000010150000)]
  0x000000000ac30000 JavaThread "Direct Clip" daemon [_thread_blocked, id=17996, stack(0x000000000fd50000,0x000000000fe50000)]
  0x000000000a314800 JavaThread "Direct Clip" daemon [_thread_blocked, id=10056, stack(0x000000000fc50000,0x000000000fd50000)]
  0x000000000a314000 JavaThread "Direct Clip" daemon [_thread_blocked, id=20236, stack(0x000000000fb50000,0x000000000fc50000)]
  0x000000000a313000 JavaThread "Direct Clip" daemon [_thread_blocked, id=20148, stack(0x000000000fa50000,0x000000000fb50000)]
  0x000000000a312800 JavaThread "Direct Clip" daemon [_thread_blocked, id=9176, stack(0x000000000f950000,0x000000000fa50000)]
  0x000000000a312000 JavaThread "Direct Clip" daemon [_thread_blocked, id=16704, stack(0x000000000f850000,0x000000000f950000)]
  0x000000000a311000 JavaThread "Direct Clip" daemon [_thread_blocked, id=13740, stack(0x000000000f750000,0x000000000f850000)]
  0x000000000a310800 JavaThread "Direct Clip" daemon [_thread_blocked, id=15860, stack(0x000000000f650000,0x000000000f750000)]
  0x000000000a30f800 JavaThread "Direct Clip" daemon [_thread_blocked, id=10368, stack(0x000000000f550000,0x000000000f650000)]
  0x000000000a30f000 JavaThread "Direct Clip" daemon [_thread_blocked, id=14084, stack(0x000000000f450000,0x000000000f550000)]
  0x000000000a30e000 JavaThread "Direct Clip" daemon [_thread_blocked, id=8800, stack(0x000000000f350000,0x000000000f450000)]
  0x000000000a30d800 JavaThread "Direct Clip" daemon [_thread_blocked, id=12416, stack(0x000000000f250000,0x000000000f350000)]
  0x000000000a30c800 JavaThread "Direct Clip" daemon [_thread_blocked, id=11440, stack(0x000000000f150000,0x000000000f250000)]
  0x000000000a30c000 JavaThread "Direct Clip" daemon [_thread_blocked, id=5416, stack(0x000000000f050000,0x000000000f150000)]
  0x000000000a30b800 JavaThread "Direct Clip" daemon [_thread_blocked, id=14020, stack(0x000000000ef50000,0x000000000f050000)]
  0x000000000a30a800 JavaThread "Direct Clip" daemon [_thread_blocked, id=17816, stack(0x000000000ee50000,0x000000000ef50000)]
  0x000000000a30a000 JavaThread "Direct Clip" daemon [_thread_blocked, id=17980, stack(0x000000000ed50000,0x000000000ee50000)]
  0x000000000a309000 JavaThread "Direct Clip" daemon [_thread_blocked, id=13116, stack(0x000000000e850000,0x000000000e950000)]
  0x000000000a308800 JavaThread "Direct Clip" daemon [_thread_blocked, id=10044, stack(0x000000000e750000,0x000000000e850000)]
  0x000000000a307800 JavaThread "Direct Clip" daemon [_thread_blocked, id=11132, stack(0x000000000e650000,0x000000000e750000)]
  0x000000000a307000 JavaThread "Direct Clip" daemon [_thread_blocked, id=4864, stack(0x000000000e550000,0x000000000e650000)]
  0x000000000a306000 JavaThread "Direct Clip" daemon [_thread_blocked, id=20344, stack(0x000000000e450000,0x000000000e550000)]
  0x000000000a305800 JavaThread "Direct Clip" daemon [_thread_blocked, id=16992, stack(0x000000000e350000,0x000000000e450000)]
  0x000000000ac0b000 JavaThread "Direct Clip" daemon [_thread_blocked, id=6792, stack(0x000000000e250000,0x000000000e350000)]
  0x000000000ac0a000 JavaThread "Direct Clip" daemon [_thread_blocked, id=10112, stack(0x000000000e150000,0x000000000e250000)]
  0x000000000ac09800 JavaThread "Direct Clip" daemon [_thread_blocked, id=9888, stack(0x000000000e050000,0x000000000e150000)]
  0x000000000ac08800 JavaThread "Direct Clip" daemon [_thread_blocked, id=13944, stack(0x000000000df50000,0x000000000e050000)]
  0x000000000ac08000 JavaThread "Direct Clip" daemon [_thread_blocked, id=7220, stack(0x000000000de50000,0x000000000df50000)]
  0x000000000ac07800 JavaThread "Direct Clip" daemon [_thread_blocked, id=10504, stack(0x000000000dd50000,0x000000000de50000)]
  0x000000000ac06800 JavaThread "Direct Clip" daemon [_thread_blocked, id=19032, stack(0x000000000dc50000,0x000000000dd50000)]
  0x000000000ac06000 JavaThread "Direct Clip" daemon [_thread_blocked, id=12096, stack(0x000000000db50000,0x000000000dc50000)]
  0x000000000ac05000 JavaThread "Direct Clip" daemon [_thread_blocked, id=15520, stack(0x000000000da50000,0x000000000db50000)]
  0x000000000ac04800 JavaThread "Direct Clip" daemon [_thread_blocked, id=14316, stack(0x000000000d950000,0x000000000da50000)]
  0x000000000ac03800 JavaThread "Direct Clip" daemon [_thread_blocked, id=14968, stack(0x000000000d850000,0x000000000d950000)]
  0x000000000ac03000 JavaThread "Direct Clip" daemon [_thread_blocked, id=16648, stack(0x000000000d750000,0x000000000d850000)]
  0x000000000ac02000 JavaThread "Direct Clip" daemon [_thread_blocked, id=14752, stack(0x000000000d650000,0x000000000d750000)]
  0x000000000ac01800 JavaThread "Direct Clip" daemon [_thread_blocked, id=13852, stack(0x000000000d550000,0x000000000d650000)]
  0x000000000ac01000 JavaThread "Direct Clip" daemon [_thread_blocked, id=13984, stack(0x000000000d450000,0x000000000d550000)]
  0x000000000ac00000 JavaThread "Direct Clip" daemon [_thread_blocked, id=9148, stack(0x000000000d350000,0x000000000d450000)]
  0x000000000abff800 JavaThread "Direct Clip" daemon [_thread_blocked, id=5504, stack(0x000000000d250000,0x000000000d350000)]
  0x000000000abfe800 JavaThread "Direct Clip" daemon [_thread_blocked, id=11320, stack(0x000000000cf50000,0x000000000d050000)]
  0x000000000abfe000 JavaThread "Direct Clip" daemon [_thread_blocked, id=16420, stack(0x000000000ce50000,0x000000000cf50000)]
  0x000000000abfd000 JavaThread "Direct Clip" daemon [_thread_blocked, id=10484, stack(0x000000000cd50000,0x000000000ce50000)]
  0x000000000abfc800 JavaThread "Direct Clip" daemon [_thread_blocked, id=10372, stack(0x000000000cc50000,0x000000000cd50000)]
  0x000000000abfb800 JavaThread "Direct Clip" daemon [_thread_blocked, id=6800, stack(0x000000000cb50000,0x000000000cc50000)]
  0x000000000a21c800 JavaThread "Direct Clip" daemon [_thread_blocked, id=8156, stack(0x000000000ca50000,0x000000000cb50000)]
  0x000000000aca8000 JavaThread "Direct Clip" daemon [_thread_blocked, id=4208, stack(0x000000000c950000,0x000000000ca50000)]
  0x000000000afc2000 JavaThread "Java Sound Event Dispatcher" daemon [_thread_blocked, id=10360, stack(0x000000000c150000,0x000000000c250000)]
  0x0000000008e61000 JavaThread "Thread-5" daemon [_thread_in_native, id=7236, stack(0x000000000a8e0000,0x000000000a9e0000)]
  0x000000000051c800 JavaThread "DestroyJavaVM" [_thread_blocked, id=14828, stack(0x0000000002210000,0x0000000002310000)]
  0x0000000008c88800 JavaThread "class main.thread.MainThread" [_thread_blocked, id=11368, stack(0x0000000009c10000,0x0000000009d10000)]
  0x00000000061df800 JavaThread "AWT-EventQueue-0" [_thread_blocked, id=17096, stack(0x0000000008f90000,0x0000000009090000)]
  0x0000000006174800 JavaThread "AWT-Windows" daemon [_thread_in_native, id=16340, stack(0x0000000008090000,0x0000000008190000)]
  0x0000000006173800 JavaThread "AWT-Shutdown" [_thread_blocked, id=16456, stack(0x0000000007f90000,0x0000000008090000)]
  0x0000000006170000 JavaThread "Java2D Disposer" daemon [_thread_blocked, id=16772, stack(0x0000000007d90000,0x0000000007e90000)]
  0x00000000060d9000 JavaThread "Low Memory Detector" daemon [_thread_blocked, id=12928, stack(0x0000000007b90000,0x0000000007c90000)]
  0x00000000060cd000 JavaThread "C2 CompilerThread1" daemon [_thread_blocked, id=16752, stack(0x0000000007a90000,0x0000000007b90000)]
  0x00000000060cb800 JavaThread "C2 CompilerThread0" daemon [_thread_blocked, id=15812, stack(0x0000000007990000,0x0000000007a90000)]
  0x00000000060bc800 JavaThread "JDWP Command Reader" daemon [_thread_in_native, id=16448, stack(0x0000000007890000,0x0000000007990000)]
  0x00000000060b5800 JavaThread "JDWP Event Helper Thread" daemon [_thread_blocked, id=11768, stack(0x0000000007790000,0x0000000007890000)]
=>0x00000000060ae000 JavaThread "JDWP Transport Listener: dt_socket" daemon [_thread_in_vm, id=12200, stack(0x0000000007690000,0x0000000007790000)]
  0x000000000605f000 JavaThread "Attach Listener" daemon [_thread_blocked, id=16240, stack(0x0000000006e90000,0x0000000006f90000)]
  0x000000000605e000 JavaThread "Signal Dispatcher" daemon [_thread_blocked, id=11204, stack(0x0000000006d90000,0x0000000006e90000)]
  0x0000000006049800 JavaThread "Finalizer" daemon [_thread_blocked, id=18280, stack(0x0000000006c90000,0x0000000006d90000)]
  0x0000000006043000 JavaThread "Reference Handler" daemon [_thread_blocked, id=7328, stack(0x0000000006b90000,0x0000000006c90000)]

Other Threads:
  0x0000000006039000 VMThread [stack: 0x0000000006a90000,0x0000000006b90000] [id=13444]
  0x00000000060e4000 WatcherThread [stack: 0x0000000007c90000,0x0000000007d90000] [id=14188]

VM state:not at safepoint (normal execution)

VM Mutex/Monitor currently owned by a thread: None

Heap
 PSYoungGen      total 124352K, used 77973K [0x00000000eb2b0000, 0x00000000f9a80000, 0x0000000100000000)
  eden space 120128K, 61% used [0x00000000eb2b0000,0x00000000efab9830,0x00000000f2800000)
  from space 4224K, 99% used [0x00000000f8e90000,0x00000000f92abc38,0x00000000f92b0000)
  to   space 7872K, 0% used [0x00000000f92d0000,0x00000000f92d0000,0x00000000f9a80000)
 PSOldGen        total 303552K, used 174929K [0x00000000c1800000, 0x00000000d4070000, 0x00000000eb2b0000)
  object space 303552K, 57% used [0x00000000c1800000,0x00000000cc2d46f0,0x00000000d4070000)
 PSPermGen       total 33856K, used 22810K [0x00000000bc600000, 0x00000000be710000, 0x00000000c1800000)
  object space 33856K, 67% used [0x00000000bc600000,0x00000000bdc46a20,0x00000000be710000)

Code Cache  [0x0000000002310000, 0x00000000027a0000, 0x0000000005310000)
 total_blobs=1600 nmethods=1124 adapters=436 free_code_cache=45686464 largest_free_block=42496

Dynamic libraries:
0x0000000000400000 - 0x000000000042f000 	C:\Program Files\Java\jdk1.6.0_35\bin\javaw.exe
0x0000000077bf0000 - 0x0000000077d99000 	C:\Windows\SYSTEM32\ntdll.dll
0x00000000779d0000 - 0x0000000077aef000 	C:\Windows\system32\kernel32.dll
0x000007fefdca0000 - 0x000007fefdd0b000 	C:\Windows\system32\KERNELBASE.dll
0x000007fefe2f0000 - 0x000007fefe3cb000 	C:\Windows\system32\ADVAPI32.dll
0x000007feffb90000 - 0x000007feffc2f000 	C:\Windows\system32\msvcrt.dll
0x000007feffa80000 - 0x000007feffa9f000 	C:\Windows\SYSTEM32\sechost.dll
0x000007feff670000 - 0x000007feff79d000 	C:\Windows\system32\RPCRT4.dll
0x0000000077af0000 - 0x0000000077bea000 	C:\Windows\system32\USER32.dll
0x000007feffaa0000 - 0x000007feffb07000 	C:\Windows\system32\GDI32.dll
0x000007feff340000 - 0x000007feff34e000 	C:\Windows\system32\LPK.dll
0x000007fefe4e0000 - 0x000007fefe5a9000 	C:\Windows\system32\USP10.dll
0x000007feff7a0000 - 0x000007feff7ce000 	C:\Windows\system32\IMM32.DLL
0x000007fefe3d0000 - 0x000007fefe4d9000 	C:\Windows\system32\MSCTF.dll
0x000007fefd950000 - 0x000007fefd994000 	C:\Windows\system32\nvinitx.dll
0x000000006d8b0000 - 0x000000006e069000 	C:\Program Files\Java\jdk1.6.0_35\jre\bin\server\jvm.dll
0x000007fefbe50000 - 0x000007fefbe8b000 	C:\Windows\system32\WINMM.dll
0x000000006d820000 - 0x000000006d82e000 	C:\Program Files\Java\jdk1.6.0_35\jre\bin\verify.dll
0x000000006d450000 - 0x000000006d477000 	C:\Program Files\Java\jdk1.6.0_35\jre\bin\java.dll
0x000000006d4c0000 - 0x000000006d4f4000 	C:\Program Files\Java\jdk1.6.0_35\jre\bin\jdwp.dll
0x000000006d6e0000 - 0x000000006d6e8000 	C:\Program Files\Java\jdk1.6.0_35\jre\bin\npt.dll
0x000000006d870000 - 0x000000006d882000 	C:\Program Files\Java\jdk1.6.0_35\jre\bin\zip.dll
0x000000006d310000 - 0x000000006d319000 	C:\Program Files\Java\jdk1.6.0_35\jre\bin\dt_socket.dll
0x000007fefddd0000 - 0x000007fefde1d000 	C:\Windows\system32\WS2_32.dll
0x000007feff830000 - 0x000007feff838000 	C:\Windows\system32\NSI.dll
0x000007fefb870000 - 0x000007fefb885000 	C:\Windows\system32\NLAapi.dll
0x000007fef64d0000 - 0x000007fef64e5000 	C:\Windows\system32\napinsp.dll
0x000007fef45f0000 - 0x000007fef4609000 	C:\Windows\system32\pnrpnsp.dll
0x000007fefd180000 - 0x000007fefd1d5000 	C:\Windows\System32\mswsock.dll
0x000007fefd000000 - 0x000007fefd05b000 	C:\Windows\system32\DNSAPI.dll
0x000007fef45e0000 - 0x000007fef45eb000 	C:\Windows\System32\winrnr.dll
0x000007fef6590000 - 0x000007fef65bf000 	C:\Program Files\Common Files\Microsoft Shared\Windows Live\WLIDNSP.DLL
0x0000000077dc0000 - 0x0000000077dc7000 	C:\Windows\system32\PSAPI.DLL
0x000007fefdf80000 - 0x000007fefdff1000 	C:\Windows\system32\SHLWAPI.dll
0x000007fef4540000 - 0x000007fef4550000 	C:\Windows\system32\wshbth.dll
0x000007fefa560000 - 0x000007fefa587000 	C:\Windows\system32\IPHLPAPI.DLL
0x000007fefa550000 - 0x000007fefa55b000 	C:\Windows\system32\WINNSI.DLL
0x000007fefa3f0000 - 0x000007fefa443000 	C:\Windows\System32\fwpuclnt.dll
0x000007fef63d0000 - 0x000007fef63d8000 	C:\Windows\system32\rasadhlp.dll
0x000007fefcb10000 - 0x000007fefcb17000 	C:\Windows\System32\wshtcpip.dll
0x000000006d0a0000 - 0x000000006d264000 	C:\Program Files\Java\jdk1.6.0_35\jre\bin\awt.dll
0x000007fef9fc0000 - 0x000007fefa031000 	C:\Windows\system32\WINSPOOL.DRV
0x000007fefe0e0000 - 0x000007fefe2e3000 	C:\Windows\system32\ole32.dll
0x000007fefe5b0000 - 0x000007feff338000 	C:\Windows\system32\SHELL32.dll
0x000007fefc3b0000 - 0x000007fefc5a4000 	C:\Windows\WinSxS\amd64_microsoft.windows.common-controls_6595b64144ccf1df_6.0.7601.17514_none_fa396087175ac9ac\COMCTL32.dll
0x000007fefb560000 - 0x000007fefb578000 	C:\Windows\system32\DWMAPI.DLL
0x000007fefc1d0000 - 0x000007fefc226000 	C:\Windows\system32\uxtheme.dll
0x000000006d340000 - 0x000000006d3a7000 	C:\Program Files\Java\jdk1.6.0_35\jre\bin\fontmanager.dll
0x000007fefd7e0000 - 0x000007fefd837000 	C:\Windows\system32\apphelp.dll
0x000007fef4b10000 - 0x000007fef4cff000 	C:\Windows\system32\GIMEJA.IME
0x000007fefe000000 - 0x000007fefe0d7000 	C:\Windows\system32\OLEAUT32.dll
0x000007fef49e0000 - 0x000007fef4b05000 	C:\Windows\system32\dbghelp.dll
0x000007fefd9a0000 - 0x000007fefd9af000 	C:\Windows\system32\profapi.dll
0x000007fefd840000 - 0x000007fefd84f000 	C:\Windows\system32\CRYPTBASE.dll
0x000000006d6b0000 - 0x000000006d6c7000 	C:\Program Files\Java\jdk1.6.0_35\jre\bin\net.dll
0x000007fefd170000 - 0x000007fefd177000 	C:\Windows\System32\wship6.dll
0x000000006d6d0000 - 0x000000006d6db000 	C:\Program Files\Java\jdk1.6.0_35\jre\bin\nio.dll
0x0000000180000000 - 0x0000000180016000 	C:\Users\weray\workspace\cirno2nd\jinput-dx8_64.dll
0x000007fef6390000 - 0x000007fef63cc000 	C:\Windows\system32\DINPUT8.dll
0x000007fefb6f0000 - 0x000007fefb6fb000 	C:\Windows\system32\HID.DLL
0x000007feff490000 - 0x000007feff667000 	C:\Windows\system32\SETUPAPI.DLL
0x000007fefdd70000 - 0x000007fefdda6000 	C:\Windows\system32\CFGMGR32.dll
0x000007fefdd10000 - 0x000007fefdd2a000 	C:\Windows\system32\DEVOBJ.dll
0x000007fefdd30000 - 0x000007fefdd6a000 	C:\Windows\system32\WINTRUST.dll
0x000007fefdb20000 - 0x000007fefdc8c000 	C:\Windows\system32\CRYPT32.dll
0x000007fefda40000 - 0x000007fefda4f000 	C:\Windows\system32\MSASN1.dll
0x00000000070a0000 - 0x00000000070b4000 	C:\Users\weray\workspace\cirno2nd\jinput-raw_64.dll
0x000000006d5b0000 - 0x000000006d5de000 	C:\Program Files\Java\jdk1.6.0_35\jre\bin\jsound.dll
0x000000006d5e0000 - 0x000000006d5ea000 	C:\Program Files\Java\jdk1.6.0_35\jre\bin\jsoundds.dll
0x000007fefbe90000 - 0x000007fefbf18000 	C:\Windows\system32\DSOUND.dll
0x000007fefbf90000 - 0x000007fefbfbc000 	C:\Windows\system32\POWRPROF.dll
0x000007fefbf40000 - 0x000007fefbf8b000 	C:\Windows\system32\MMDevAPI.DLL
0x000007fefc230000 - 0x000007fefc35c000 	C:\Windows\system32\PROPSYS.dll
0x000007fefb2a0000 - 0x000007fefb2db000 	C:\Windows\system32\wdmaud.drv
0x0000000075510000 - 0x0000000075516000 	C:\Windows\system32\ksuser.dll
0x000007fefbfc0000 - 0x000007fefbfc9000 	C:\Windows\system32\AVRT.dll
0x000007fefbae0000 - 0x000007fefbb2f000 	C:\Windows\system32\AUDIOSES.DLL
0x000007fefbb70000 - 0x000007fefbb7a000 	C:\Windows\system32\msacm32.drv
0x000007fefaf20000 - 0x000007fefaf38000 	C:\Windows\system32\MSACM32.dll
0x000007fefbb60000 - 0x000007fefbb69000 	C:\Windows\system32\midimap.dll
0x000007feff350000 - 0x000007feff3e9000 	C:\Windows\system32\CLBCatQ.DLL
0x000000006d2b0000 - 0x000000006d2d8000 	C:\Program Files\Java\jdk1.6.0_35\jre\bin\dcpr.dll

VM Arguments:
jvm_args: -agentlib:jdwp=transport=dt_socket,suspend=y,address=localhost:62866 -Dfile.encoding=UTF-8 
java_command: main.SecondStarter
Launcher Type: SUN_STANDARD

Environment Variables:
JAVA_HOME=C:\Program Files\Java\jdk1.6.0_35
CLASSPATH=.;C:\Program Files (x86)\Java\jre7\lib\ext\QTJava.zip
PATH=C:\Program Files\Java\jdk1.6.0_35\jre\bin;C:\Program Files (x86)\Intel\iCLS Client\;C:\Program Files\Intel\iCLS Client\;C:\Program Files\Common Files\Microsoft Shared\Windows Live;C:\Program Files (x86)\Common Files\Microsoft Shared\Windows Live;C:\Windows\system32;C:\Windows;C:\Windows\System32\Wbem;C:\Windows\System32\WindowsPowerShell\v1.0\;C:\Program Files (x86)\Windows Live\Shared;C:\Program Files\Intel\Intel(R) Management Engine Components\DAL;C:\Program Files\Intel\Intel(R) Management Engine Components\IPT;C:\Program Files (x86)\Intel\Intel(R) Management Engine Components\DAL;C:\Program Files (x86)\Intel\Intel(R) Management Engine Components\IPT;C:\Program Files (x86)\Intel\OpenCL SDK\2.0\bin\x86;C:\Program Files (x86)\Intel\OpenCL SDK\2.0\bin\x64;C:\Program Files\Intel\WiFi\bin\;C:\Program Files\Common Files\Intel\WirelessCommon\;C:\Program Files\Java\jdk1.6.0_35\bin\;c:\Program Files (x86)\Microsoft SQL Server\100\Tools\Binn\;c:\Program Files\Microsoft SQL Server\100\Tools\Binn\;c:\Program Files\Microsoft SQL Server\100\DTS\Binn\;C:\Program Files (x86)\QuickTime\QTSystem\;C:\utility\play-1.2.5\;C:\Program Files (x86)\scala\bin;C:\utility\apache-ant-1.9.2\bin;C:\Program Files (x86)\sbt\\bin;C:\Program Files (x86)\sbt\bin
USERNAME=weray
OS=Windows_NT
PROCESSOR_IDENTIFIER=Intel64 Family 6 Model 58 Stepping 9, GenuineIntel



---------------  S Y S T E M  ---------------

OS: Windows 7 , 64 bit Build 7601 Service Pack 1

CPU:total 8 (4 cores per cpu, 2 threads per core) family 6 model 58 stepping 9, cmov, cx8, fxsr, mmx, sse, sse2, sse3, ssse3, sse4.1, sse4.2, popcnt, ht

Memory: 4k page, physical 4088828k(906996k free), swap 8175792k(2867964k free)

vm_info: Java HotSpot(TM) 64-Bit Server VM (20.10-b01) for windows-amd64 JRE (1.6.0_35-b10), built on Aug 28 2012 16:50:10 by "java_re" with MS VC++ 8.0 (VS2005)

time: Sat Feb 15 15:49:03 2014
elapsed time: 1270 seconds

