#
# A fatal error has been detected by the Java Runtime Environment:
#
#  EXCEPTION_ACCESS_VIOLATION (0xc0000005) at pc=0x000000006da370df, pid=10560, tid=12940
#
# JRE version: 6.0_35-b10
# Java VM: Java HotSpot(TM) 64-Bit Server VM (20.10-b01 mixed mode windows-amd64 compressed oops)
# Problematic frame:
# V  [jvm.dll+0x1870df]
#
# If you would like to submit a bug report, please visit:
#   http://java.sun.com/webapps/bugreport/crash.jsp
#

---------------  T H R E A D  ---------------

Current thread (0x00000000062d2000):  JavaThread "JDWP Transport Listener: dt_socket" daemon [_thread_in_vm, id=12940, stack(0x0000000007840000,0x0000000007940000)]

siginfo: ExceptionCode=0xc0000005, writing address 0xfffffffdf7d7ea80

Registers:
RAX=0x000000000a8df730, RBX=0xffffffffbc600258, RCX=0x0000000000000000, RDX=0x0000000000000000
RSP=0x000000000793f780, RBP=0x00000000062d2000, RSI=0x0000000000679450, RDI=0x0000000000000013
R8 =0x000000000ba5f3e0, R9 =0x00000000bdd367b8, R10=0x0000000000000001, R11=0x000000006d4ee570
R12=0x0000000014d7d7c0, R13=0x000000000000000c, R14=0x000000000793f8f8, R15=0x0000000000000013
RIP=0x000000006da370df, EFLAGS=0x0000000000010246

Top of Stack: (sp=0x000000000793f780)
0x000000000793f780:   ffffffffbc600258 00000000062d2000
0x000000000793f790:   ffffffffbc600258 00000000062d2000
0x000000000793f7a0:   00000000005d8840 00000000062d2000
0x000000000793f7b0:   00000000062d1920 00000000005d8830
0x000000000793f7c0:   00000000005d8840 00000000005d8c18
0x000000000793f7d0:   000000000793fbf0 000000000793f918
0x000000000793f7e0:   00000000062d21d0 0000000000000000
0x000000000793f7f0:   0000000000000000 0000000000000000
0x000000000793f800:   0000000000679450 00000000bd52cfa8
0x000000000793f810:   000000000793f8a0 000000000793f8f8
0x000000000793f820:   00000000062d2000 000000006dbcd3f8
0x000000000793f830:   000000000a83c510 00000000062d2000
0x000000000793f840:   000000000793f8a0 000000000793f8a0
0x000000000793f850:   00000000062d2000 0000000000000000
0x000000000793f860:   0000000000000000 0000000000000000
0x000000000793f870:   0000000000000001 000000006d4c50cd 

Instructions: (pc=0x000000006da370df)
0x000000006da370bf:   0b 48 98 48 83 e0 f8 48 c1 e8 03 48 98 48 8d 14
0x000000006da370cf:   47 49 63 1c 90 e8 a7 e6 ee ff 48 ff c7 49 3b ff
0x000000006da370df:   49 89 04 dc 0f 8c 77 ff ff ff 4c 8b ac 24 c8 00
0x000000006da370ef:   00 00 eb 67 33 db 45 85 ff 7e 60 be 18 00 00 00 


Register to memory mapping:

RAX=0x000000000a8df730 is a weak global jni handle
RBX=0xffffffffbc600258 is an unknown value
RCX=0x0000000000000000 is an unknown value
RDX=0x0000000000000000 is an unknown value
RSP=0x000000000793f780 is pointing into the stack for thread: 0x00000000062d2000
RBP=0x00000000062d2000 is a thread
RSI=0x0000000000679450 is an unknown value
RDI=0x0000000000000013 is an unknown value
R8 =0x000000000ba5f3e0 is an unknown value
R9 =0x00000000bdd367b8 is an oop
{method} 
 - klass: {other class}
R10=0x0000000000000001 is an unknown value
R11=0x000000006d4ee570 is an unknown value
R12=0x0000000014d7d7c0 is an unknown value
R13=0x000000000000000c is an unknown value
R14=0x000000000793f8f8 is pointing into the stack for thread: 0x00000000062d2000
R15=0x0000000000000013 is an unknown value


Stack: [0x0000000007840000,0x0000000007940000],  sp=0x000000000793f780,  free space=1021k
Native frames: (J=compiled Java code, j=interpreted, Vv=VM code, C=native code)
V  [jvm.dll+0x1870df]


---------------  P R O C E S S  ---------------

Java Threads: ( => current thread )
  0x000000000b079000 JavaThread "BasicPlayer" [_thread_blocked, id=6184, stack(0x0000000008d90000,0x0000000008e90000)]
  0x000000000a6aa800 JavaThread "Direct Clip" daemon [_thread_blocked, id=10688, stack(0x0000000013af0000,0x0000000013bf0000)]
  0x000000000a6a9800 JavaThread "Direct Clip" daemon [_thread_blocked, id=7808, stack(0x00000000139f0000,0x0000000013af0000)]
  0x000000000a6a9000 JavaThread "Direct Clip" daemon [_thread_blocked, id=10884, stack(0x00000000138f0000,0x00000000139f0000)]
  0x000000000a6a8000 JavaThread "Direct Clip" daemon [_thread_blocked, id=4876, stack(0x00000000137f0000,0x00000000138f0000)]
  0x000000000a6a7800 JavaThread "Direct Clip" daemon [_thread_blocked, id=4236, stack(0x00000000136f0000,0x00000000137f0000)]
  0x000000000a6a7000 JavaThread "Direct Clip" daemon [_thread_blocked, id=8940, stack(0x00000000135f0000,0x00000000136f0000)]
  0x000000000a6a6000 JavaThread "Direct Clip" daemon [_thread_blocked, id=15812, stack(0x00000000134f0000,0x00000000135f0000)]
  0x000000000a6a5800 JavaThread "Direct Clip" daemon [_thread_blocked, id=9480, stack(0x00000000133f0000,0x00000000134f0000)]
  0x000000000a6a4800 JavaThread "Direct Clip" daemon [_thread_blocked, id=4856, stack(0x00000000132f0000,0x00000000133f0000)]
  0x000000000a6a4000 JavaThread "Direct Clip" daemon [_thread_blocked, id=14464, stack(0x00000000131f0000,0x00000000132f0000)]
  0x000000000a6a3000 JavaThread "Direct Clip" daemon [_thread_blocked, id=13644, stack(0x00000000130f0000,0x00000000131f0000)]
  0x000000000a6a2800 JavaThread "Direct Clip" daemon [_thread_blocked, id=15956, stack(0x0000000012ff0000,0x00000000130f0000)]
  0x000000000a6a1800 JavaThread "Direct Clip" daemon [_thread_blocked, id=9024, stack(0x0000000012ef0000,0x0000000012ff0000)]
  0x000000000a6a1000 JavaThread "Direct Clip" daemon [_thread_blocked, id=16012, stack(0x0000000012df0000,0x0000000012ef0000)]
  0x000000000ad1c000 JavaThread "Direct Clip" daemon [_thread_blocked, id=16800, stack(0x0000000012cf0000,0x0000000012df0000)]
  0x000000000ad1b800 JavaThread "Direct Clip" daemon [_thread_blocked, id=11616, stack(0x0000000012bf0000,0x0000000012cf0000)]
  0x000000000ad1a800 JavaThread "Direct Clip" daemon [_thread_blocked, id=4424, stack(0x0000000012af0000,0x0000000012bf0000)]
  0x000000000ad1a000 JavaThread "Direct Clip" daemon [_thread_blocked, id=14596, stack(0x00000000129f0000,0x0000000012af0000)]
  0x000000000ad19000 JavaThread "Direct Clip" daemon [_thread_blocked, id=11860, stack(0x00000000128f0000,0x00000000129f0000)]
  0x000000000ad18800 JavaThread "Direct Clip" daemon [_thread_blocked, id=1916, stack(0x00000000127f0000,0x00000000128f0000)]
  0x000000000ad18000 JavaThread "Direct Clip" daemon [_thread_blocked, id=17104, stack(0x00000000126f0000,0x00000000127f0000)]
  0x000000000ad17000 JavaThread "Direct Clip" daemon [_thread_blocked, id=7836, stack(0x00000000125f0000,0x00000000126f0000)]
  0x000000000ad16800 JavaThread "Direct Clip" daemon [_thread_blocked, id=6988, stack(0x00000000124f0000,0x00000000125f0000)]
  0x000000000ad15800 JavaThread "Direct Clip" daemon [_thread_blocked, id=17728, stack(0x00000000123f0000,0x00000000124f0000)]
  0x000000000ad15000 JavaThread "Direct Clip" daemon [_thread_blocked, id=3732, stack(0x00000000122f0000,0x00000000123f0000)]
  0x000000000ad14000 JavaThread "Direct Clip" daemon [_thread_blocked, id=8632, stack(0x00000000121f0000,0x00000000122f0000)]
  0x000000000ad13800 JavaThread "Direct Clip" daemon [_thread_blocked, id=11452, stack(0x00000000120f0000,0x00000000121f0000)]
  0x000000000ad12800 JavaThread "Direct Clip" daemon [_thread_blocked, id=6548, stack(0x0000000011ff0000,0x00000000120f0000)]
  0x000000000ad12000 JavaThread "Direct Clip" daemon [_thread_blocked, id=8108, stack(0x00000000116f0000,0x00000000117f0000)]
  0x000000000ad11800 JavaThread "Direct Clip" daemon [_thread_blocked, id=15052, stack(0x0000000008c90000,0x0000000008d90000)]
  0x000000000ad10800 JavaThread "Direct Clip" daemon [_thread_blocked, id=5916, stack(0x0000000008b90000,0x0000000008c90000)]
  0x000000000ad10000 JavaThread "Direct Clip" daemon [_thread_blocked, id=3984, stack(0x0000000008a90000,0x0000000008b90000)]
  0x000000000ad0f000 JavaThread "Direct Clip" daemon [_thread_blocked, id=5212, stack(0x0000000008990000,0x0000000008a90000)]
  0x000000000ad0e800 JavaThread "Direct Clip" daemon [_thread_blocked, id=8848, stack(0x0000000008890000,0x0000000008990000)]
  0x000000000ad0d800 JavaThread "Direct Clip" daemon [_thread_blocked, id=14164, stack(0x0000000008790000,0x0000000008890000)]
  0x000000000ad0d000 JavaThread "Direct Clip" daemon [_thread_blocked, id=9260, stack(0x0000000008690000,0x0000000008790000)]
  0x000000000ad96000 JavaThread "Direct Clip" daemon [_thread_blocked, id=13668, stack(0x0000000008590000,0x0000000008690000)]
  0x000000000ad95800 JavaThread "Direct Clip" daemon [_thread_blocked, id=15664, stack(0x00000000115f0000,0x00000000116f0000)]
  0x000000000ad95000 JavaThread "Direct Clip" daemon [_thread_blocked, id=6960, stack(0x00000000114f0000,0x00000000115f0000)]
  0x000000000ad94000 JavaThread "Direct Clip" daemon [_thread_blocked, id=9288, stack(0x00000000113f0000,0x00000000114f0000)]
  0x000000000ad93800 JavaThread "Direct Clip" daemon [_thread_blocked, id=1260, stack(0x00000000112f0000,0x00000000113f0000)]
  0x000000000ad92800 JavaThread "Direct Clip" daemon [_thread_blocked, id=6808, stack(0x00000000111f0000,0x00000000112f0000)]
  0x000000000ad92000 JavaThread "Direct Clip" daemon [_thread_blocked, id=2244, stack(0x00000000110f0000,0x00000000111f0000)]
  0x000000000ad91000 JavaThread "Direct Clip" daemon [_thread_blocked, id=7144, stack(0x0000000010ff0000,0x00000000110f0000)]
  0x000000000ad90800 JavaThread "Direct Clip" daemon [_thread_blocked, id=13212, stack(0x0000000010ef0000,0x0000000010ff0000)]
  0x000000000ad8f800 JavaThread "Direct Clip" daemon [_thread_blocked, id=7132, stack(0x0000000010df0000,0x0000000010ef0000)]
  0x000000000ad8f000 JavaThread "Direct Clip" daemon [_thread_blocked, id=15720, stack(0x0000000010cf0000,0x0000000010df0000)]
  0x000000000ad8e800 JavaThread "Direct Clip" daemon [_thread_blocked, id=8532, stack(0x0000000010bf0000,0x0000000010cf0000)]
  0x000000000ad8d800 JavaThread "Direct Clip" daemon [_thread_blocked, id=11012, stack(0x0000000010af0000,0x0000000010bf0000)]
  0x000000000ad8d000 JavaThread "Direct Clip" daemon [_thread_blocked, id=11180, stack(0x00000000109f0000,0x0000000010af0000)]
  0x000000000ad8c000 JavaThread "Direct Clip" daemon [_thread_blocked, id=12620, stack(0x00000000108f0000,0x00000000109f0000)]
  0x000000000ad8b800 JavaThread "Direct Clip" daemon [_thread_blocked, id=9520, stack(0x00000000107f0000,0x00000000108f0000)]
  0x000000000ad8a800 JavaThread "Direct Clip" daemon [_thread_blocked, id=15768, stack(0x00000000106f0000,0x00000000107f0000)]
  0x000000000ad8a000 JavaThread "Direct Clip" daemon [_thread_blocked, id=15596, stack(0x00000000105f0000,0x00000000106f0000)]
  0x000000000ad89000 JavaThread "Direct Clip" daemon [_thread_blocked, id=2884, stack(0x00000000104f0000,0x00000000105f0000)]
  0x000000000ad88800 JavaThread "Direct Clip" daemon [_thread_blocked, id=11448, stack(0x00000000103f0000,0x00000000104f0000)]
  0x000000000ad88000 JavaThread "Direct Clip" daemon [_thread_blocked, id=3160, stack(0x00000000102f0000,0x00000000103f0000)]
  0x000000000ad87000 JavaThread "Direct Clip" daemon [_thread_blocked, id=9780, stack(0x00000000101f0000,0x00000000102f0000)]
  0x000000000ad5e000 JavaThread "Direct Clip" daemon [_thread_blocked, id=15668, stack(0x00000000100f0000,0x00000000101f0000)]
  0x000000000ad5d800 JavaThread "Direct Clip" daemon [_thread_blocked, id=9856, stack(0x000000000fff0000,0x00000000100f0000)]
  0x000000000ad5d000 JavaThread "Direct Clip" daemon [_thread_blocked, id=13176, stack(0x000000000fef0000,0x000000000fff0000)]
  0x000000000ad5c000 JavaThread "Direct Clip" daemon [_thread_blocked, id=17448, stack(0x000000000fdf0000,0x000000000fef0000)]
  0x000000000ad5b800 JavaThread "Direct Clip" daemon [_thread_blocked, id=14648, stack(0x000000000fcf0000,0x000000000fdf0000)]
  0x000000000ad5a800 JavaThread "Direct Clip" daemon [_thread_blocked, id=11392, stack(0x000000000fbf0000,0x000000000fcf0000)]
  0x000000000ad5a000 JavaThread "Direct Clip" daemon [_thread_blocked, id=9584, stack(0x000000000faf0000,0x000000000fbf0000)]
  0x000000000ad59000 JavaThread "Direct Clip" daemon [_thread_blocked, id=10000, stack(0x000000000f9f0000,0x000000000faf0000)]
  0x000000000ad58800 JavaThread "Direct Clip" daemon [_thread_blocked, id=15156, stack(0x000000000f8f0000,0x000000000f9f0000)]
  0x000000000ad57800 JavaThread "Direct Clip" daemon [_thread_blocked, id=15432, stack(0x000000000f7f0000,0x000000000f8f0000)]
  0x000000000ad57000 JavaThread "Direct Clip" daemon [_thread_blocked, id=9144, stack(0x000000000f6f0000,0x000000000f7f0000)]
  0x000000000ad56800 JavaThread "Direct Clip" daemon [_thread_blocked, id=5552, stack(0x000000000f5f0000,0x000000000f6f0000)]
  0x000000000ad55800 JavaThread "Direct Clip" daemon [_thread_blocked, id=17180, stack(0x000000000f4f0000,0x000000000f5f0000)]
  0x000000000ad55000 JavaThread "Direct Clip" daemon [_thread_blocked, id=2936, stack(0x000000000f3f0000,0x000000000f4f0000)]
  0x000000000ad54000 JavaThread "Direct Clip" daemon [_thread_blocked, id=12760, stack(0x000000000f2f0000,0x000000000f3f0000)]
  0x000000000ad53800 JavaThread "Direct Clip" daemon [_thread_blocked, id=4916, stack(0x000000000edf0000,0x000000000eef0000)]
  0x000000000ad52800 JavaThread "Direct Clip" daemon [_thread_blocked, id=3844, stack(0x000000000ecf0000,0x000000000edf0000)]
  0x000000000ad52000 JavaThread "Direct Clip" daemon [_thread_blocked, id=17612, stack(0x000000000ebf0000,0x000000000ecf0000)]
  0x000000000ad51000 JavaThread "Direct Clip" daemon [_thread_blocked, id=8820, stack(0x000000000eaf0000,0x000000000ebf0000)]
  0x000000000ad50800 JavaThread "Direct Clip" daemon [_thread_blocked, id=1760, stack(0x000000000e9f0000,0x000000000eaf0000)]
  0x000000000ad50000 JavaThread "Direct Clip" daemon [_thread_blocked, id=16576, stack(0x000000000e8f0000,0x000000000e9f0000)]
  0x000000000ad4f000 JavaThread "Direct Clip" daemon [_thread_blocked, id=16120, stack(0x000000000e5f0000,0x000000000e6f0000)]
  0x000000000a78c800 JavaThread "Direct Clip" daemon [_thread_blocked, id=4976, stack(0x000000000e4f0000,0x000000000e5f0000)]
  0x000000000a78b800 JavaThread "Direct Clip" daemon [_thread_blocked, id=12604, stack(0x000000000e3f0000,0x000000000e4f0000)]
  0x000000000a78b000 JavaThread "Direct Clip" daemon [_thread_blocked, id=14948, stack(0x000000000e2f0000,0x000000000e3f0000)]
  0x000000000a78a000 JavaThread "Direct Clip" daemon [_thread_blocked, id=18264, stack(0x000000000e1f0000,0x000000000e2f0000)]
  0x000000000a789800 JavaThread "Direct Clip" daemon [_thread_blocked, id=5812, stack(0x000000000e0f0000,0x000000000e1f0000)]
  0x000000000a788800 JavaThread "Direct Clip" daemon [_thread_blocked, id=8776, stack(0x000000000dff0000,0x000000000e0f0000)]
  0x000000000a788000 JavaThread "Direct Clip" daemon [_thread_blocked, id=17172, stack(0x000000000def0000,0x000000000dff0000)]
  0x000000000a787000 JavaThread "Direct Clip" daemon [_thread_blocked, id=17100, stack(0x000000000ddf0000,0x000000000def0000)]
  0x000000000a786800 JavaThread "Direct Clip" daemon [_thread_blocked, id=2976, stack(0x000000000dcf0000,0x000000000ddf0000)]
  0x000000000a786000 JavaThread "Direct Clip" daemon [_thread_blocked, id=13240, stack(0x000000000dbf0000,0x000000000dcf0000)]
  0x000000000a785000 JavaThread "Direct Clip" daemon [_thread_blocked, id=14792, stack(0x000000000daf0000,0x000000000dbf0000)]
  0x000000000a784800 JavaThread "Direct Clip" daemon [_thread_blocked, id=6856, stack(0x000000000d9f0000,0x000000000daf0000)]
  0x000000000a783800 JavaThread "Direct Clip" daemon [_thread_blocked, id=16080, stack(0x000000000d8f0000,0x000000000d9f0000)]
  0x000000000a783000 JavaThread "Direct Clip" daemon [_thread_blocked, id=6332, stack(0x000000000d7f0000,0x000000000d8f0000)]
  0x000000000a782000 JavaThread "Direct Clip" daemon [_thread_blocked, id=14604, stack(0x000000000d6f0000,0x000000000d7f0000)]
  0x000000000a781800 JavaThread "Direct Clip" daemon [_thread_blocked, id=12176, stack(0x000000000d5f0000,0x000000000d6f0000)]
  0x000000000a780800 JavaThread "Direct Clip" daemon [_thread_blocked, id=12680, stack(0x000000000d2f0000,0x000000000d3f0000)]
  0x000000000a780000 JavaThread "Direct Clip" daemon [_thread_blocked, id=5544, stack(0x000000000d1f0000,0x000000000d2f0000)]
  0x000000000a77f800 JavaThread "Direct Clip" daemon [_thread_blocked, id=7128, stack(0x000000000d0f0000,0x000000000d1f0000)]
  0x000000000a77e800 JavaThread "Direct Clip" daemon [_thread_blocked, id=11500, stack(0x000000000cff0000,0x000000000d0f0000)]
  0x000000000a77e000 JavaThread "Direct Clip" daemon [_thread_blocked, id=17460, stack(0x000000000cef0000,0x000000000cff0000)]
  0x000000000a77d000 JavaThread "Direct Clip" daemon [_thread_blocked, id=13576, stack(0x000000000cdf0000,0x000000000cef0000)]
  0x000000000a7d7800 JavaThread "Direct Clip" daemon [_thread_blocked, id=13392, stack(0x000000000ccf0000,0x000000000cdf0000)]
  0x000000000aa5b800 JavaThread "Java Sound Event Dispatcher" daemon [_thread_blocked, id=13484, stack(0x000000000c4f0000,0x000000000c5f0000)]
  0x0000000008f7e800 JavaThread "Thread-5" daemon [_thread_in_native, id=7440, stack(0x000000000a510000,0x000000000a610000)]
  0x000000000067c800 JavaThread "DestroyJavaVM" [_thread_blocked, id=6596, stack(0x0000000002430000,0x0000000002530000)]
  0x0000000008ee9800 JavaThread "class main.thread.MainThread" [_thread_blocked, id=17124, stack(0x000000000a030000,0x000000000a130000)]
  0x000000000640d000 JavaThread "AWT-EventQueue-0" [_thread_blocked, id=8780, stack(0x0000000009290000,0x0000000009390000)]
  0x000000000637d800 JavaThread "AWT-Windows" daemon [_thread_in_native, id=17792, stack(0x00000000082b0000,0x00000000083b0000)]
  0x000000000637c800 JavaThread "AWT-Shutdown" [_thread_blocked, id=9844, stack(0x00000000081b0000,0x00000000082b0000)]
  0x000000000637b000 JavaThread "Java2D Disposer" daemon [_thread_blocked, id=17740, stack(0x0000000007f40000,0x0000000008040000)]
  0x00000000062fb800 JavaThread "Low Memory Detector" daemon [_thread_blocked, id=9992, stack(0x0000000007d40000,0x0000000007e40000)]
  0x00000000062f0000 JavaThread "C2 CompilerThread1" daemon [_thread_blocked, id=10056, stack(0x0000000007c40000,0x0000000007d40000)]
  0x00000000062ec800 JavaThread "C2 CompilerThread0" daemon [_thread_blocked, id=12164, stack(0x0000000007b40000,0x0000000007c40000)]
  0x00000000062dc800 JavaThread "JDWP Command Reader" daemon [_thread_in_native, id=17152, stack(0x0000000007a40000,0x0000000007b40000)]
  0x00000000062d9800 JavaThread "JDWP Event Helper Thread" daemon [_thread_blocked, id=13324, stack(0x0000000007940000,0x0000000007a40000)]
=>0x00000000062d2000 JavaThread "JDWP Transport Listener: dt_socket" daemon [_thread_in_vm, id=12940, stack(0x0000000007840000,0x0000000007940000)]
  0x0000000006282000 JavaThread "Attach Listener" daemon [_thread_blocked, id=13076, stack(0x00000000070b0000,0x00000000071b0000)]
  0x0000000006281000 JavaThread "Signal Dispatcher" daemon [_thread_blocked, id=6276, stack(0x0000000006fb0000,0x00000000070b0000)]
  0x000000000626e000 JavaThread "Finalizer" daemon [_thread_blocked, id=9920, stack(0x0000000006eb0000,0x0000000006fb0000)]
  0x0000000006268000 JavaThread "Reference Handler" daemon [_thread_blocked, id=9336, stack(0x0000000006db0000,0x0000000006eb0000)]

Other Threads:
  0x000000000625e800 VMThread [stack: 0x0000000006cb0000,0x0000000006db0000] [id=9536]
  0x0000000006307000 WatcherThread [stack: 0x0000000007e40000,0x0000000007f40000] [id=14780]

VM state:not at safepoint (normal execution)

VM Mutex/Monitor currently owned by a thread: None

Heap
 PSYoungGen      total 45696K, used 22200K [0x00000000eb2b0000, 0x00000000ee1e0000, 0x0000000100000000)
  eden space 43072K, 47% used [0x00000000eb2b0000,0x00000000ec677b28,0x00000000edcc0000)
  from space 2624K, 74% used [0x00000000edf50000,0x00000000ee136848,0x00000000ee1e0000)
  to   space 2624K, 0% used [0x00000000edcc0000,0x00000000edcc0000,0x00000000edf50000)
 PSOldGen        total 241664K, used 158799K [0x00000000c1800000, 0x00000000d0400000, 0x00000000eb2b0000)
  object space 241664K, 65% used [0x00000000c1800000,0x00000000cb313e80,0x00000000d0400000)
 PSPermGen       total 33280K, used 23795K [0x00000000bc600000, 0x00000000be680000, 0x00000000c1800000)
  object space 33280K, 71% used [0x00000000bc600000,0x00000000bdd3ccb0,0x00000000be680000)

Code Cache  [0x0000000002530000, 0x0000000002a80000, 0x0000000005530000)
 total_blobs=1520 nmethods=1051 adapters=429 free_code_cache=45619136 largest_free_block=723776

Dynamic libraries:
0x0000000000400000 - 0x000000000042f000 	C:\Program Files\Java\jdk1.6.0_35\bin\javaw.exe
0x0000000076f40000 - 0x00000000770e9000 	C:\Windows\SYSTEM32\ntdll.dll
0x00000000716c0000 - 0x000000007170a000 	C:\Program Files\AVAST Software\Avast\snxhk64.dll
0x0000000076860000 - 0x000000007697f000 	C:\Windows\system32\KERNEL32.dll
0x000007fefd6c0000 - 0x000007fefd72c000 	C:\Windows\system32\KERNELBASE.dll
0x000007feff080000 - 0x000007feff15b000 	C:\Windows\system32\ADVAPI32.dll
0x000007fefe1b0000 - 0x000007fefe24f000 	C:\Windows\system32\msvcrt.dll
0x000007fefe190000 - 0x000007fefe1af000 	C:\Windows\SYSTEM32\sechost.dll
0x000007fefdd80000 - 0x000007fefdead000 	C:\Windows\system32\RPCRT4.dll
0x0000000076980000 - 0x0000000076a7a000 	C:\Windows\system32\USER32.dll
0x000007fefe090000 - 0x000007fefe0f7000 	C:\Windows\system32\GDI32.dll
0x000007fefdd70000 - 0x000007fefdd7e000 	C:\Windows\system32\LPK.dll
0x000007feff180000 - 0x000007feff249000 	C:\Windows\system32\USP10.dll
0x000007fefe100000 - 0x000007fefe12e000 	C:\Windows\system32\IMM32.DLL
0x000007fefdbb0000 - 0x000007fefdcb9000 	C:\Windows\system32\MSCTF.dll
0x000007fefd350000 - 0x000007fefd394000 	C:\Windows\system32\nvinitx.dll
0x000000006d8b0000 - 0x000000006e069000 	C:\Program Files\Java\jdk1.6.0_35\jre\bin\server\jvm.dll
0x000007fefb560000 - 0x000007fefb59b000 	C:\Windows\system32\WINMM.dll
0x000000006d820000 - 0x000000006d82e000 	C:\Program Files\Java\jdk1.6.0_35\jre\bin\verify.dll
0x000000006d450000 - 0x000000006d477000 	C:\Program Files\Java\jdk1.6.0_35\jre\bin\java.dll
0x000000006d4c0000 - 0x000000006d4f4000 	C:\Program Files\Java\jdk1.6.0_35\jre\bin\jdwp.dll
0x000000006d6e0000 - 0x000000006d6e8000 	C:\Program Files\Java\jdk1.6.0_35\jre\bin\npt.dll
0x000000006d870000 - 0x000000006d882000 	C:\Program Files\Java\jdk1.6.0_35\jre\bin\zip.dll
0x000000006d310000 - 0x000000006d319000 	C:\Program Files\Java\jdk1.6.0_35\jre\bin\dt_socket.dll
0x000007fefdb60000 - 0x000007fefdbad000 	C:\Windows\system32\WS2_32.dll
0x000007fefdcc0000 - 0x000007fefdcc8000 	C:\Windows\system32\NSI.dll
0x000007fefacf0000 - 0x000007fefad05000 	C:\Windows\system32\NLAapi.dll
0x000007fef6540000 - 0x000007fef6555000 	C:\Windows\system32\napinsp.dll
0x000007fef6520000 - 0x000007fef6539000 	C:\Windows\system32\pnrpnsp.dll
0x000007fefcb80000 - 0x000007fefcbd5000 	C:\Windows\System32\mswsock.dll
0x000007fefca00000 - 0x000007fefca5b000 	C:\Windows\system32\DNSAPI.dll
0x000007fef6510000 - 0x000007fef651b000 	C:\Windows\System32\winrnr.dll
0x000007fef8200000 - 0x000007fef822f000 	C:\Program Files\Common Files\Microsoft Shared\Windows Live\WLIDNSP.DLL
0x0000000077100000 - 0x0000000077107000 	C:\Windows\system32\PSAPI.DLL
0x000007fefda60000 - 0x000007fefdad1000 	C:\Windows\system32\SHLWAPI.dll
0x000007fef6500000 - 0x000007fef6510000 	C:\Windows\system32\wshbth.dll
0x000007fefa010000 - 0x000007fefa037000 	C:\Windows\system32\IPHLPAPI.DLL
0x000007fef9ff0000 - 0x000007fef9ffb000 	C:\Windows\system32\WINNSI.DLL
0x000007fef9e90000 - 0x000007fef9ee3000 	C:\Windows\System32\fwpuclnt.dll
0x000007fef72a0000 - 0x000007fef72a8000 	C:\Windows\system32\rasadhlp.dll
0x000007fefc510000 - 0x000007fefc517000 	C:\Windows\System32\wshtcpip.dll
0x000000006d0a0000 - 0x000000006d264000 	C:\Program Files\Java\jdk1.6.0_35\jre\bin\awt.dll
0x000007fef91a0000 - 0x000007fef9211000 	C:\Windows\system32\WINSPOOL.DRV
0x000007fefd770000 - 0x000007fefd973000 	C:\Windows\system32\ole32.dll
0x000007fefe250000 - 0x000007fefefd8000 	C:\Windows\system32\SHELL32.dll
0x000007fefbf50000 - 0x000007fefc144000 	C:\Windows\WinSxS\amd64_microsoft.windows.common-controls_6595b64144ccf1df_6.0.7601.17514_none_fa396087175ac9ac\COMCTL32.dll
0x000007fefb940000 - 0x000007fefb958000 	C:\Windows\system32\DWMAPI.DLL
0x000007fefbd70000 - 0x000007fefbdc6000 	C:\Windows\system32\uxtheme.dll
0x000000006d340000 - 0x000000006d3a7000 	C:\Program Files\Java\jdk1.6.0_35\jre\bin\fontmanager.dll
0x000007fefd290000 - 0x000007fefd2e7000 	C:\Windows\system32\apphelp.dll
0x000000006e900000 - 0x000000006eb1f000 	C:\Windows\system32\GIMEJA.IME
0x000007fefd980000 - 0x000007fefda57000 	C:\Windows\system32\OLEAUT32.dll
0x000007fefa9b0000 - 0x000007fefaad5000 	C:\Windows\system32\dbghelp.dll
0x000007fefd3a0000 - 0x000007fefd3af000 	C:\Windows\system32\profapi.dll
0x000007fefd1e0000 - 0x000007fefd1ef000 	C:\Windows\system32\CRYPTBASE.dll
0x0000000180000000 - 0x0000000180016000 	C:\Users\weray\workspace\cirno2nd\jinput-dx8_64.dll
0x000007fef6d70000 - 0x000007fef6dac000 	C:\Windows\system32\DINPUT8.dll
0x000007fefb9b0000 - 0x000007fefb9bb000 	C:\Windows\system32\HID.DLL
0x000007fefdeb0000 - 0x000007fefe087000 	C:\Windows\system32\SETUPAPI.DLL
0x000007fefd730000 - 0x000007fefd766000 	C:\Windows\system32\CFGMGR32.dll
0x000007fefd6a0000 - 0x000007fefd6ba000 	C:\Windows\system32\DEVOBJ.dll
0x000007fefd450000 - 0x000007fefd489000 	C:\Windows\system32\WINTRUST.dll
0x000007fefd490000 - 0x000007fefd5fa000 	C:\Windows\system32\CRYPT32.dll
0x000007fefd440000 - 0x000007fefd44f000 	C:\Windows\system32\MSASN1.dll
0x00000000061b0000 - 0x00000000061c4000 	C:\Users\weray\workspace\cirno2nd\jinput-raw_64.dll
0x000000006d6b0000 - 0x000000006d6c7000 	C:\Program Files\Java\jdk1.6.0_35\jre\bin\net.dll
0x000007fefcb70000 - 0x000007fefcb77000 	C:\Windows\System32\wship6.dll
0x000000006d6d0000 - 0x000000006d6db000 	C:\Program Files\Java\jdk1.6.0_35\jre\bin\nio.dll
0x000000006d5b0000 - 0x000000006d5de000 	C:\Program Files\Java\jdk1.6.0_35\jre\bin\jsound.dll
0x000000006d5e0000 - 0x000000006d5ea000 	C:\Program Files\Java\jdk1.6.0_35\jre\bin\jsoundds.dll
0x000007fefb5a0000 - 0x000007fefb628000 	C:\Windows\system32\DSOUND.dll
0x000007fefb680000 - 0x000007fefb6ac000 	C:\Windows\system32\POWRPROF.dll
0x000007fefb960000 - 0x000007fefb9ab000 	C:\Windows\system32\MMDevAPI.DLL
0x000007fefbdd0000 - 0x000007fefbefc000 	C:\Windows\system32\PROPSYS.dll
0x000007fefad10000 - 0x000007fefad4b000 	C:\Windows\system32\wdmaud.drv
0x00000000744d0000 - 0x00000000744d6000 	C:\Windows\system32\ksuser.dll
0x000007fefb670000 - 0x000007fefb679000 	C:\Windows\system32\AVRT.dll
0x000007fefb510000 - 0x000007fefb55f000 	C:\Windows\system32\AUDIOSES.DLL
0x000007fefac70000 - 0x000007fefac7a000 	C:\Windows\system32\msacm32.drv
0x000007fefac50000 - 0x000007fefac68000 	C:\Windows\system32\MSACM32.dll
0x000007fefac40000 - 0x000007fefac49000 	C:\Windows\system32\midimap.dll
0x000007fefefe0000 - 0x000007feff079000 	C:\Windows\system32\CLBCatQ.DLL
0x000000006d2b0000 - 0x000000006d2d8000 	C:\Program Files\Java\jdk1.6.0_35\jre\bin\dcpr.dll

VM Arguments:
jvm_args: -agentlib:jdwp=transport=dt_socket,suspend=y,address=localhost:65335 -Dfile.encoding=UTF-8 
java_command: main.TestStarter
Launcher Type: SUN_STANDARD

Environment Variables:
CLASSPATH=.;C:\Program Files (x86)\Java\jre7\lib\ext\QTJava.zip
PATH=C:\Program Files\Java\jdk1.6.0_35\jre\bin;C:\Program Files (x86)\Intel\iCLS Client\;C:\Program Files\Intel\iCLS Client\;C:\Program Files\Common Files\Microsoft Shared\Windows Live;C:\Program Files (x86)\Common Files\Microsoft Shared\Windows Live;C:\Windows\system32;C:\Windows;C:\Windows\System32\Wbem;C:\Windows\System32\WindowsPowerShell\v1.0\;C:\Program Files (x86)\Windows Live\Shared;C:\Program Files\Intel\Intel(R) Management Engine Components\DAL;C:\Program Files\Intel\Intel(R) Management Engine Components\IPT;C:\Program Files (x86)\Intel\Intel(R) Management Engine Components\DAL;C:\Program Files (x86)\Intel\Intel(R) Management Engine Components\IPT;C:\Program Files (x86)\Intel\OpenCL SDK\2.0\bin\x86;C:\Program Files (x86)\Intel\OpenCL SDK\2.0\bin\x64;C:\Program Files\Intel\WiFi\bin\;C:\Program Files\Common Files\Intel\WirelessCommon\;C:\Program Files\Java\jdk1.6.0_33\bin\;c:\Program Files (x86)\Microsoft SQL Server\100\Tools\Binn\;c:\Program Files\Microsoft SQL Server\100\Tools\Binn\;c:\Program Files\Microsoft SQL Server\100\DTS\Binn\;C:\Program Files (x86)\QuickTime\QTSystem\
USERNAME=weray
OS=Windows_NT
PROCESSOR_IDENTIFIER=Intel64 Family 6 Model 58 Stepping 9, GenuineIntel



---------------  S Y S T E M  ---------------

OS: Windows 7 , 64 bit Build 7601 Service Pack 1

CPU:total 8 (4 cores per cpu, 2 threads per core) family 6 model 58 stepping 9, cmov, cx8, fxsr, mmx, sse, sse2, sse3, ssse3, sse4.1, sse4.2, popcnt, ht

Memory: 4k page, physical 4088828k(1106916k free), swap 8175804k(3650476k free)

vm_info: Java HotSpot(TM) 64-Bit Server VM (20.10-b01) for windows-amd64 JRE (1.6.0_35-b10), built on Aug 28 2012 16:50:10 by "java_re" with MS VC++ 8.0 (VS2005)

time: Fri Dec 28 00:30:58 2012
elapsed time: 1956 seconds

